#
# A fatal error has been detected by the Java Runtime Environment:
#
#  EXCEPTION_ACCESS_VIOLATION (0xc0000005) at pc=0x000000006317c48b, pid=2956, tid=7968
#
# JRE version: 7.0_05-b06
# Java VM: Java HotSpot(TM) 64-Bit Server VM (23.1-b03 mixed mode windows-amd64 compressed oops)
# Problematic frame:
# V  [jvm.dll+0x11c48b]
#
# Failed to write core dump. Minidumps are not enabled by default on client versions of Windows
#
# If you would like to submit a bug report, please visit:
#   http://bugreport.sun.com/bugreport/crash.jsp
#

---------------  T H R E A D  ---------------

Current thread (0x000000000cfb0800):  JavaThread "JDWP Transport Listener: dt_socket" daemon [_thread_in_vm, id=7968, stack(0x000000000f510000,0x000000000f610000)]

siginfo: ExceptionCode=0xc0000005, reading address 0x00000000ffffffff

Registers:
RAX=0x000000000f60f101, RBX=0x000000000cfb0800, RCX=0x00000000003b003b, RDX=0x000000000cfb0800
RSP=0x000000000f60f1a0, RBP=0x00000000003b003b, RSI=0x000000000f60f2b8, RDI=0x00000000020a6580
R8 =0x000000000f60f2b8, R9 =0x000000000052006d, R10=0x00000000432f6c69, R11=0x000000000f60f494
R12=0x0000000000000000, R13=0x0000000000000000, R14=0x0000000000000000, R15=0x0000000000000000
RIP=0x000000006317c48b, EFLAGS=0x0000000000010202

Top of Stack: (sp=0x000000000f60f1a0)
0x000000000f60f1a0:   000000000cfb0800 00000000021825a0
0x000000000f60f1b0:   000000000f60f268 0000000063302539
0x000000000f60f1c0:   000000000cfb0800 000000006331df02
0x000000000f60f1d0:   000000000000002d 000000000cfb0800
0x000000000f60f1e0:   0000000002220918 000000005e93264e
0x000000000f60f1f0:   000000000cfb0800 0000000000000000
0x000000000f60f200:   0000000000000000 0000000000000000
0x000000000f60f210:   3b6e0000003b003b 000000005e931745
0x000000000f60f220:   000000000f60f2b8 000000000f60f290
0x000000000f60f230:   0000000000000001 0000000002220918
0x000000000f60f240:   3b6e0000003b003b 000000005e9153b3
0x000000000f60f250:   000000000f60f380 0000000000000001
0x000000000f60f260:   0000000000000001 0000000002220918
0x000000000f60f270:   0000000000000009 0000000000000000
0x000000000f60f280:   0000000000000000 0000000000000000
0x000000000f60f290:   0000000000000001 000000005e915571 

Instructions: (pc=0x000000006317c48b)
0x000000006317c46b:   48 8b 5c 24 30 48 89 47 18 48 83 c4 20 5f c3 cc
0x000000006317c47b:   cc cc cc cc cc 40 53 48 83 ec 20 48 85 c9 74 54
0x000000006317c48b:   48 8b 19 48 85 db 74 4c 48 b8 fe fe fe fe fe fe
0x000000006317c49b:   fe fe 48 3b d8 74 3d 80 3d ff c7 58 00 00 74 15 


Register to memory mapping:

RAX=0x000000000f60f101 is pointing into the stack for thread: 0x000000000cfb0800
RBX=0x000000000cfb0800 is a thread
RCX=0x00000000003b003b is an unknown value
RDX=0x000000000cfb0800 is a thread
RSP=0x000000000f60f1a0 is pointing into the stack for thread: 0x000000000cfb0800
RBP=0x00000000003b003b is an unknown value
RSI=0x000000000f60f2b8 is pointing into the stack for thread: 0x000000000cfb0800
RDI=0x00000000020a6580 is an unknown value
R8 =0x000000000f60f2b8 is pointing into the stack for thread: 0x000000000cfb0800
R9 =0x000000000052006d is an unknown value
R10=0x00000000432f6c69 is an unknown value
R11=0x000000000f60f494 is pointing into the stack for thread: 0x000000000cfb0800
R12=0x0000000000000000 is an unknown value
R13=0x0000000000000000 is an unknown value
R14=0x0000000000000000 is an unknown value
R15=0x0000000000000000 is an unknown value


Stack: [0x000000000f510000,0x000000000f610000],  sp=0x000000000f60f1a0,  free space=1020k
Native frames: (J=compiled Java code, j=interpreted, Vv=VM code, C=native code)
V  [jvm.dll+0x11c48b]


---------------  P R O C E S S  ---------------

Java Threads: ( => current thread )
  0x000000000cfd0800 JavaThread "Service Thread" daemon [_thread_blocked, id=6372, stack(0x000000000ff10000,0x0000000010010000)]
  0x000000000cfce000 JavaThread "C2 CompilerThread1" daemon [_thread_blocked, id=7820, stack(0x000000000f780000,0x000000000f880000)]
  0x000000000cfca800 JavaThread "C2 CompilerThread0" daemon [_thread_blocked, id=8036, stack(0x000000000fd10000,0x000000000fe10000)]
  0x000000000cfc5800 JavaThread "JDWP Command Reader" daemon [_thread_in_native, id=7436, stack(0x000000000fc10000,0x000000000fd10000)]
  0x000000000cfbb000 JavaThread "JDWP Event Helper Thread" daemon [_thread_blocked, id=6904, stack(0x000000000fa40000,0x000000000fb40000)]
=>0x000000000cfb0800 JavaThread "JDWP Transport Listener: dt_socket" daemon [_thread_in_vm, id=7968, stack(0x000000000f510000,0x000000000f610000)]
  0x000000000cfa7000 JavaThread "Attach Listener" daemon [_thread_blocked, id=7172, stack(0x000000000ed60000,0x000000000ee60000)]
  0x000000000cfa6000 JavaThread "Signal Dispatcher" daemon [_thread_blocked, id=7540, stack(0x000000000f050000,0x000000000f150000)]
  0x0000000002228800 JavaThread "Finalizer" daemon [_thread_blocked, id=6512, stack(0x000000000ef00000,0x000000000f000000)]
  0x0000000002222000 JavaThread "Reference Handler" daemon [_thread_blocked, id=6988, stack(0x000000000eab0000,0x000000000ebb0000)]
  0x00000000020fc000 JavaThread "main" [_thread_in_native, id=4364, stack(0x00000000033b0000,0x00000000034b0000)]

Other Threads:
  0x000000000cf61800 VMThread [stack: 0x000000000ec20000,0x000000000ed20000] [id=8020]
  0x000000000208f000 WatcherThread [stack: 0x0000000010160000,0x0000000010260000] [id=2952]

VM state:not at safepoint (normal execution)

VM Mutex/Monitor currently owned by a thread: None

Heap
 PSYoungGen      total 142080K, used 23385K [0x00000000d56b0000, 0x00000000e7390000, 0x0000000000000000)
  eden space 130496K, 9% used [0x00000000d56b0000,0x00000000d6238d88,0x00000000dd620000)
  from space 11584K, 99% used [0x00000000dd620000,0x00000000de16da08,0x00000000de170000)
  to   space 15360K, 0% used [0x00000000e6490000,0x00000000e6490000,0x00000000e7390000)
 ParOldGen       total 87232K, used 18827K [0x0000000080400000, 0x0000000085930000, 0x00000000d56b0000)
  object space 87232K, 21% used [0x0000000080400000,0x0000000081662e20,0x0000000085930000)
 PSPermGen       total 21248K, used 2967K [0x000000007b200000, 0x000000007c6c0000, 0x0000000080400000)
  object space 21248K, 13% used [0x000000007b200000,0x000000007b4e5e08,0x000000007c6c0000)

Code Cache  [0x00000000034b0000, 0x0000000003720000, 0x00000000064b0000)
 total_blobs=298 nmethods=125 adapters=132 free_code_cache=48508Kb largest_free_block=49652736

Compilation events (10 events):
Event: 1,412 Thread 0x000000000cfca800 nmethod 117 0x00000000035490d0 code [0x0000000003549220, 0x00000000035494f8]
Event: 1,417 Thread 0x000000000cfce000 nmethod 118 0x000000000354fa90 code [0x000000000354fc80, 0x0000000003550300]
Event: 276,576 Thread 0x000000000cfca800  119             java.util.TreeMap$PrivateEntryIterator::hasNext (13 bytes)
Event: 276,576 Thread 0x000000000cfca800 nmethod 119 0x000000000354f890 code [0x000000000354f9c0, 0x000000000354fa38]
Event: 276,578 Thread 0x000000000cfce000    4 %           TextSearcher::intersectInverseLists @ 75 (260 bytes)
Event: 276,592 Thread 0x000000000cfce000 nmethod 4% 0x0000000003551790 code [0x0000000003551960, 0x0000000003552258]
Event: 354,848 Thread 0x000000000cfca800    5 %           TextSearcher::intersectInverseLists @ 75 (266 bytes)
Event: 354,859 Thread 0x000000000cfca800 nmethod 5% 0x0000000003554b10 code [0x0000000003554ce0, 0x00000000035554b8]
Event: 715,607 Thread 0x000000000cfce000  120             java.lang.String::indexOf (87 bytes)
Event: 715,611 Thread 0x000000000cfce000 nmethod 120 0x0000000003550ed0 code [0x0000000003551020, 0x0000000003551268]

GC Heap History (10 events):
Event: 0,644 GC heap before
{Heap before GC invocations=3 (full 0):
 PSYoungGen      total 38144K, used 38112K [0x00000000d56b0000, 0x00000000da130000, 0x0000000000000000)
  eden space 32704K, 100% used [0x00000000d56b0000,0x00000000d76a0000,0x00000000d76a0000)
  from space 5440K, 99% used [0x00000000d7bf0000,0x00000000d8138030,0x00000000d8140000)
  to   space 5440K, 0% used [0x00000000d76a0000,0x00000000d76a0000,0x00000000d7bf0000)
 ParOldGen       total 87232K, used 3208K [0x0000000080400000, 0x0000000085930000, 0x00000000d56b0000)
  object space 87232K, 3% used [0x0000000080400000,0x0000000080722000,0x0000000085930000)
 PSPermGen       total 21248K, used 2631K [0x000000007b200000, 0x000000007c6c0000, 0x0000000080400000)
  object space 21248K, 12% used [0x000000007b200000,0x000000007b491d20,0x000000007c6c0000)
Event: 0,648 GC heap after
Heap after GC invocations=3 (full 0):
 PSYoungGen      total 38144K, used 5424K [0x00000000d56b0000, 0x00000000da130000, 0x0000000000000000)
  eden space 32704K, 0% used [0x00000000d56b0000,0x00000000d56b0000,0x00000000d76a0000)
  from space 5440K, 99% used [0x00000000d76a0000,0x00000000d7bec020,0x00000000d7bf0000)
  to   space 5440K, 0% used [0x00000000d9be0000,0x00000000d9be0000,0x00000000da130000)
 ParOldGen       total 87232K, used 6080K [0x0000000080400000, 0x0000000085930000, 0x00000000d56b0000)
  object space 87232K, 6% used [0x0000000080400000,0x00000000809f0000,0x0000000085930000)
 PSPermGen       total 21248K, used 2631K [0x000000007b200000, 0x000000007c6c0000, 0x0000000080400000)
  object space 21248K, 12% used [0x000000007b200000,0x000000007b491d20,0x000000007c6c0000)
}
Event: 0,731 GC heap before
{Heap before GC invocations=4 (full 0):
 PSYoungGen      total 38144K, used 38128K [0x00000000d56b0000, 0x00000000da130000, 0x0000000000000000)
  eden space 32704K, 100% used [0x00000000d56b0000,0x00000000d76a0000,0x00000000d76a0000)
  from space 5440K, 99% used [0x00000000d76a0000,0x00000000d7bec020,0x00000000d7bf0000)
  to   space 5440K, 0% used [0x00000000d9be0000,0x00000000d9be0000,0x00000000da130000)
 ParOldGen       total 87232K, used 6080K [0x0000000080400000, 0x0000000085930000, 0x00000000d56b0000)
  object space 87232K, 6% used [0x0000000080400000,0x00000000809f0000,0x0000000085930000)
 PSPermGen       total 21248K, used 2631K [0x000000007b200000, 0x000000007c6c0000, 0x0000000080400000)
  object space 21248K, 12% used [0x000000007b200000,0x000000007b491d20,0x000000007c6c0000)
Event: 0,737 GC heap after
Heap after GC invocations=4 (full 0):
 PSYoungGen      total 70848K, used 5408K [0x00000000d56b0000, 0x00000000da130000, 0x0000000000000000)
  eden space 65408K, 0% used [0x00000000d56b0000,0x00000000d56b0000,0x00000000d9690000)
  from space 5440K, 99% used [0x00000000d9be0000,0x00000000da128010,0x00000000da130000)
  to   space 5440K, 0% used [0x00000000d9690000,0x00000000d9690000,0x00000000d9be0000)
 ParOldGen       total 87232K, used 8987K [0x0000000080400000, 0x0000000085930000, 0x00000000d56b0000)
  object space 87232K, 10% used [0x0000000080400000,0x0000000080cc6da0,0x0000000085930000)
 PSPermGen       total 21248K, used 2631K [0x000000007b200000, 0x000000007c6c0000, 0x0000000080400000)
  object space 21248K, 12% used [0x000000007b200000,0x000000007b491d20,0x000000007c6c0000)
}
Event: 0,912 GC heap before
{Heap before GC invocations=5 (full 0):
 PSYoungGen      total 70848K, used 70816K [0x00000000d56b0000, 0x00000000da130000, 0x0000000000000000)
  eden space 65408K, 100% used [0x00000000d56b0000,0x00000000d9690000,0x00000000d9690000)
  from space 5440K, 99% used [0x00000000d9be0000,0x00000000da128010,0x00000000da130000)
  to   space 5440K, 0% used [0x00000000d9690000,0x00000000d9690000,0x00000000d9be0000)
 ParOldGen       total 87232K, used 8987K [0x0000000080400000, 0x0000000085930000, 0x00000000d56b0000)
  object space 87232K, 10% used [0x0000000080400000,0x0000000080cc6da0,0x0000000085930000)
 PSPermGen       total 21248K, used 2631K [0x000000007b200000, 0x000000007c6c0000, 0x0000000080400000)
  object space 21248K, 12% used [0x000000007b200000,0x000000007b491d20,0x000000007c6c0000)
Event: 0,919 GC heap after
Heap after GC invocations=5 (full 0):
 PSYoungGen      total 70848K, used 5430K [0x00000000d56b0000, 0x00000000dec70000, 0x0000000000000000)
  eden space 65408K, 0% used [0x00000000d56b0000,0x00000000d56b0000,0x00000000d9690000)
  from space 5440K, 99% used [0x00000000d9690000,0x00000000d9bdda28,0x00000000d9be0000)
  to   space 11264K, 0% used [0x00000000de170000,0x00000000de170000,0x00000000dec70000)
 ParOldGen       total 87232K, used 13659K [0x0000000080400000, 0x0000000085930000, 0x00000000d56b0000)
  object space 87232K, 15% used [0x0000000080400000,0x0000000081156dd0,0x0000000085930000)
 PSPermGen       total 21248K, used 2631K [0x000000007b200000, 0x000000007c6c0000, 0x0000000080400000)
  object space 21248K, 12% used [0x000000007b200000,0x000000007b491d20,0x000000007c6c0000)
}
Event: 1,098 GC heap before
{Heap before GC invocations=6 (full 0):
 PSYoungGen      total 70848K, used 70838K [0x00000000d56b0000, 0x00000000dec70000, 0x0000000000000000)
  eden space 65408K, 100% used [0x00000000d56b0000,0x00000000d9690000,0x00000000d9690000)
  from space 5440K, 99% used [0x00000000d9690000,0x00000000d9bdda28,0x00000000d9be0000)
  to   space 11264K, 0% used [0x00000000de170000,0x00000000de170000,0x00000000dec70000)
 ParOldGen       total 87232K, used 13659K [0x0000000080400000, 0x0000000085930000, 0x00000000d56b0000)
  object space 87232K, 15% used [0x0000000080400000,0x0000000081156dd0,0x0000000085930000)
 PSPermGen       total 21248K, used 2631K [0x000000007b200000, 0x000000007c6c0000, 0x0000000080400000)
  object space 21248K, 12% used [0x000000007b200000,0x000000007b491e20,0x000000007c6c0000)
Event: 1,105 GC heap after
Heap after GC invocations=6 (full 0):
 PSYoungGen      total 141760K, used 9616K [0x00000000d56b0000, 0x00000000ded10000, 0x0000000000000000)
  eden space 130496K, 0% used [0x00000000d56b0000,0x00000000d56b0000,0x00000000dd620000)
  from space 11264K, 85% used [0x00000000de170000,0x00000000dead4030,0x00000000dec70000)
  to   space 11584K, 0% used [0x00000000dd620000,0x00000000dd620000,0x00000000de170000)
 ParOldGen       total 87232K, used 13659K [0x0000000080400000, 0x0000000085930000, 0x00000000d56b0000)
  object space 87232K, 15% used [0x0000000080400000,0x0000000081156dd0,0x0000000085930000)
 PSPermGen       total 21248K, used 2631K [0x000000007b200000, 0x000000007c6c0000, 0x0000000080400000)
  object space 21248K, 12% used [0x000000007b200000,0x000000007b491e20,0x000000007c6c0000)
}
Event: 1,497 GC heap before
{Heap before GC invocations=7 (full 0):
 PSYoungGen      total 141760K, used 140112K [0x00000000d56b0000, 0x00000000ded10000, 0x0000000000000000)
  eden space 130496K, 100% used [0x00000000d56b0000,0x00000000dd620000,0x00000000dd620000)
  from space 11264K, 85% used [0x00000000de170000,0x00000000dead4030,0x00000000dec70000)
  to   space 11584K, 0% used [0x00000000dd620000,0x00000000dd620000,0x00000000de170000)
 ParOldGen       total 87232K, used 13659K [0x0000000080400000, 0x0000000085930000, 0x00000000d56b0000)
  object space 87232K, 15% used [0x0000000080400000,0x0000000081156dd0,0x0000000085930000)
 PSPermGen       total 21248K, used 2634K [0x000000007b200000, 0x000000007c6c0000, 0x0000000080400000)
  object space 21248K, 12% used [0x000000007b200000,0x000000007b492988,0x000000007c6c0000)
Event: 1,509 GC heap after
Heap after GC invocations=7 (full 0):
 PSYoungGen      total 142080K, used 11574K [0x00000000d56b0000, 0x00000000e7390000, 0x0000000000000000)
  eden space 130496K, 0% used [0x00000000d56b0000,0x00000000d56b0000,0x00000000dd620000)
  from space 11584K, 99% used [0x00000000dd620000,0x00000000de16da08,0x00000000de170000)
  to   space 15360K, 0% used [0x00000000e6490000,0x00000000e6490000,0x00000000e7390000)
 ParOldGen       total 87232K, used 18827K [0x0000000080400000, 0x0000000085930000, 0x00000000d56b0000)
  object space 87232K, 21% used [0x0000000080400000,0x0000000081662e20,0x0000000085930000)
 PSPermGen       total 21248K, used 2634K [0x000000007b200000, 0x000000007c6c0000, 0x0000000080400000)
  object space 21248K, 12% used [0x000000007b200000,0x000000007b492988,0x000000007c6c0000)
}

Deoptimization events (10 events):
Event: 1,531 Thread 0x00000000020fc000 Uncommon trap -34 fr.pc 0x0000000003549adc
Event: 1,531 Thread 0x00000000020fc000 Uncommon trap -34 fr.pc 0x0000000003549adc
Event: 1,531 Thread 0x00000000020fc000 Uncommon trap -34 fr.pc 0x0000000003549adc
Event: 1,531 Thread 0x00000000020fc000 Uncommon trap -34 fr.pc 0x0000000003549378
Event: 339,702 Thread 0x00000000020fc000 Uncommon trap -34 fr.pc 0x0000000003522234
Event: 339,702 Thread 0x00000000020fc000 Uncommon trap -34 fr.pc 0x0000000003522234
Event: 339,702 Thread 0x00000000020fc000 Uncommon trap -34 fr.pc 0x0000000003522234
Event: 347,870 Thread 0x00000000020fc000 Uncommon trap -34 fr.pc 0x0000000003522234
Event: 347,870 Thread 0x00000000020fc000 Uncommon trap -34 fr.pc 0x00000000035216cc
Event: 677,391 Thread 0x00000000020fc000 Uncommon trap -83 fr.pc 0x000000000353d1e8

Internal exceptions (5 events):
Event: 0,029 Thread 0x00000000020fc000 Threw 0x00000000d56bb8f8 at C:\jdk7u1_64p\jdk7u5\hotspot\src\share\vm\prims\jni.cpp:3993
Event: 0,187 Thread 0x00000000020fc000 Threw 0x00000000d56f7870 at C:\jdk7u1_64p\jdk7u5\hotspot\src\share\vm\prims\jvm.cpp:1166
Event: 0,196 Thread 0x00000000020fc000 Threw 0x00000000d56fecb8 at C:\jdk7u1_64p\jdk7u5\hotspot\src\share\vm\prims\jvm.cpp:1166
Event: 0,207 Thread 0x00000000020fc000 Threw 0x00000000d5705728 at C:\jdk7u1_64p\jdk7u5\hotspot\src\share\vm\prims\jvm.cpp:1166
Event: 0,210 Thread 0x00000000020fc000 Threw 0x00000000d5707448 at C:\jdk7u1_64p\jdk7u5\hotspot\src\share\vm\prims\jvm.cpp:1166

Events (10 events):
Event: 1070,865 Executing VM operation: RedefineClasses
Event: 1070,866 Executing VM operation: RedefineClasses done
Event: 1072,829 Executing VM operation: RedefineClasses
Event: 1072,829 Executing VM operation: RedefineClasses done
Event: 1159,125 Executing VM operation: RedefineClasses
Event: 1159,125 Executing VM operation: RedefineClasses done
Event: 1176,177 Executing VM operation: RedefineClasses
Event: 1176,177 Executing VM operation: RedefineClasses done
Event: 1403,425 Executing VM operation: RedefineClasses
Event: 1403,426 Executing VM operation: RedefineClasses done


Dynamic libraries:
0x000000003fad0000 - 0x000000003fb04000 	C:\Program Files\Java\jre7\bin\javaw.exe
0x0000000076ea0000 - 0x000000007704b000 	C:\Windows\SYSTEM32\ntdll.dll
0x0000000076c80000 - 0x0000000076d9f000 	C:\Windows\system32\kernel32.dll
0x00000000fd460000 - 0x00000000fd4cb000 	C:\Windows\system32\KERNELBASE.dll
0x00000000fee80000 - 0x00000000fef5b000 	C:\Windows\system32\ADVAPI32.dll
0x00000000fe710000 - 0x00000000fe7af000 	C:\Windows\system32\msvcrt.dll
0x00000000fd6e0000 - 0x00000000fd6ff000 	C:\Windows\SYSTEM32\sechost.dll
0x00000000fe490000 - 0x00000000fe5be000 	C:\Windows\system32\RPCRT4.dll
0x0000000076da0000 - 0x0000000076e9a000 	C:\Windows\system32\USER32.dll
0x00000000fe7b0000 - 0x00000000fe817000 	C:\Windows\system32\GDI32.dll
0x00000000ff1a0000 - 0x00000000ff1ae000 	C:\Windows\system32\LPK.dll
0x00000000fe640000 - 0x00000000fe70a000 	C:\Windows\system32\USP10.dll
0x00000000fbb70000 - 0x00000000fbd64000 	C:\Windows\WinSxS\amd64_microsoft.windows.common-controls_6595b64144ccf1df_6.0.7600.16385_none_fa645303170382f6\COMCTL32.dll
0x00000000fe930000 - 0x00000000fe9a1000 	C:\Windows\system32\SHLWAPI.dll
0x00000000ff080000 - 0x00000000ff0ae000 	C:\Windows\system32\IMM32.DLL
0x00000000fef60000 - 0x00000000ff069000 	C:\Windows\system32\MSCTF.dll
0x00000000f3340000 - 0x00000000f354b000 	C:\Windows\pcdrm\NSCCOR0364.DLL
0x0000000063780000 - 0x0000000063851000 	C:\Program Files\Java\jre7\bin\MSVCR100.dll
0x00000000fc3b0000 - 0x00000000fc3bc000 	C:\Windows\system32\VERSION.dll
0x0000000077070000 - 0x0000000077077000 	C:\Windows\system32\psapi.dll
0x00000000fd700000 - 0x00000000fe487000 	C:\Windows\system32\Shell32.dll
0x00000000fea90000 - 0x00000000fec91000 	C:\Windows\system32\ole32.dll
0x00000000fa8d0000 - 0x00000000fa8eb000 	C:\Windows\pcdrm\NFD0164.dll
0x00000000fd310000 - 0x00000000fd31f000 	C:\Windows\system32\profapi.dll
0x00000000f3750000 - 0x00000000f3947000 	C:\Windows\pcdrm\NSCFA64.DLL
0x0000000002370000 - 0x00000000023bd000 	C:\Windows\system32\WS2_32.dll
0x00000000023c0000 - 0x00000000023c8000 	C:\Windows\system32\NSI.dll
0x00000000f5ca0000 - 0x00000000f5d1f000 	C:\Windows\pcdrm\drmsso64.dll
0x00000000fa5e0000 - 0x00000000fa5eb000 	C:\Windows\pcdrm\NSCPE64.dll
0x00000000fa8c0000 - 0x00000000fa8ce000 	C:\Windows\pcdrm\NFD0264.dll
0x00000000f7240000 - 0x00000000f728b000 	C:\Windows\INCOPS3\ICATCDLL64.dll
0x00000000f8510000 - 0x00000000f8563000 	C:\Windows\INCOPS3\icdcnl64.dll
0x0000000063060000 - 0x000000006377a000 	C:\Program Files\Java\jre7\bin\server\jvm.dll
0x00000000f6820000 - 0x00000000f6829000 	C:\Windows\system32\WSOCK32.dll
0x00000000faef0000 - 0x00000000faf2b000 	C:\Windows\system32\WINMM.dll
0x0000000074390000 - 0x000000007439f000 	C:\Program Files\Java\jre7\bin\verify.dll
0x0000000074360000 - 0x0000000074388000 	C:\Program Files\Java\jre7\bin\java.dll
0x000000005e910000 - 0x000000005e945000 	C:\Program Files\Java\jre7\bin\jdwp.dll
0x0000000072110000 - 0x0000000072118000 	C:\Program Files\Java\jre7\bin\npt.dll
0x0000000074340000 - 0x0000000074355000 	C:\Program Files\Java\jre7\bin\zip.dll
0x0000000072320000 - 0x0000000072329000 	C:\Program Files\Java\jre7\bin\dt_socket.dll
0x00000000fb3d0000 - 0x00000000fb3e5000 	C:\Windows\system32\NLAapi.dll
0x00000000fcb80000 - 0x00000000fcbd4000 	C:\Windows\System32\mswsock.dll
0x00000000fca00000 - 0x00000000fca5b000 	C:\Windows\system32\DNSAPI.dll
0x00000000f9ea0000 - 0x00000000f9eab000 	C:\Windows\System32\winrnr.dll
0x00000000f9e80000 - 0x00000000f9e95000 	C:\Windows\system32\napinsp.dll
0x00000000f9e60000 - 0x00000000f9e79000 	C:\Windows\system32\pnrpnsp.dll
0x00000000fae70000 - 0x00000000fae97000 	C:\Windows\system32\IPHLPAPI.DLL
0x00000000fae50000 - 0x00000000fae5b000 	C:\Windows\system32\WINNSI.DLL
0x00000000fad00000 - 0x00000000fad53000 	C:\Windows\System32\fwpuclnt.dll
0x00000000f9ee0000 - 0x00000000f9ee8000 	C:\Windows\system32\rasadhlp.dll
0x00000000fc3c0000 - 0x00000000fc4f7000 	C:\Windows\system32\Anywall364.dll
0x00000000fc3a0000 - 0x00000000fc3a7000 	C:\Windows\System32\wshtcpip.dll
0x00000000ed240000 - 0x00000000ed365000 	C:\Windows\system32\dbghelp.dll

VM Arguments:
jvm_args: -agentlib:jdwp=transport=dt_socket,suspend=y,address=localhost:53826 -Dfile.encoding=Cp1252 
java_command: Main
Launcher Type: SUN_STANDARD

Environment Variables:
PATH=C:\Program Files (x86)\NVIDIA Corporation\PhysX\Common;C:\Program Files (x86)\Intel\iCLS Client\;C:\Program Files\Intel\iCLS Client\;C:\Windows\system32;C:\Windows;C:\Windows\System32\Wbem;C:\Windows\System32\WindowsPowerShell\v1.0\;C:\Program Files (x86)\WinMerge;D:\android-ndk-r8b;C:\Program Files (x86)\Bitvise Tunnelier;C:\Users\n.lopatka\AppData\Local\Android\android-sdk\platform-tools
USERNAME=n.lopatka
OS=Windows_NT
PROCESSOR_IDENTIFIER=Intel64 Family 6 Model 42 Stepping 7, GenuineIntel



---------------  S Y S T E M  ---------------

OS: Windows 7 , 64 bit Build 7600 

CPU:total 8 (4 cores per cpu, 2 threads per core) family 6 model 42 stepping 7, cmov, cx8, fxsr, mmx, sse, sse2, sse3, ssse3, sse4.1, sse4.2, popcnt, ht, tsc, tscinvbit

Memory: 4k page, physical 8370484k(4764332k free), swap 16739068k(10769408k free)

vm_info: Java HotSpot(TM) 64-Bit Server VM (23.1-b03) for windows-amd64 JRE (1.7.0_05-b06), built on Jun 27 2012 00:54:58 by "java_re" with unknown MS VC++:1600

time: Mon Sep 17 18:13:54 2012
elapsed time: 1560 seconds

